ARM GAS  /var/folders/z5/_7t90xy14zq1swjhncg0p5z00000gn/T//ccoG74sP.s 			page 1


   1              		.cpu cortex-m7
   2              		.arch armv7e-m
   3              		.fpu fpv5-d16
   4              		.eabi_attribute 28, 1
   5              		.eabi_attribute 20, 1
   6              		.eabi_attribute 21, 1
   7              		.eabi_attribute 23, 3
   8              		.eabi_attribute 24, 1
   9              		.eabi_attribute 25, 1
  10              		.eabi_attribute 26, 1
  11              		.eabi_attribute 30, 4
  12              		.eabi_attribute 34, 1
  13              		.eabi_attribute 18, 4
  14              		.file	"Sequence.cpp"
  15              		.text
  16              	.Ltext0:
  17              		.cfi_sections	.debug_frame
  18              	.Letext0:
  19              		.file 1 "/Library/DaisyToolchain/0.2.0/arm/arm-none-eabi/include/c++/10.3.1/cmath"
  20              		.file 2 "/Library/DaisyToolchain/0.2.0/arm/arm-none-eabi/include/c++/10.3.1/bits/std_abs.h"
  21              		.file 3 "/Library/DaisyToolchain/0.2.0/arm/arm-none-eabi/include/c++/10.3.1/arm-none-eabi/thumb/v7
  22              		.file 4 "/Library/DaisyToolchain/0.2.0/arm/arm-none-eabi/include/math.h"
  23              		.file 5 "/Library/DaisyToolchain/0.2.0/arm/arm-none-eabi/include/c++/10.3.1/math.h"
  24              		.file 6 "<built-in>"
ARM GAS  /var/folders/z5/_7t90xy14zq1swjhncg0p5z00000gn/T//ccoG74sP.s 			page 2


DEFINED SYMBOLS
                            *ABS*:0000000000000000 Sequence.cpp

NO UNDEFINED SYMBOLS
