ARM GAS  /var/folders/z5/_7t90xy14zq1swjhncg0p5z00000gn/T//ccloxHj5.s 			page 1


   1              		.cpu cortex-m7
   2              		.arch armv7e-m
   3              		.fpu fpv5-d16
   4              		.eabi_attribute 28, 1
   5              		.eabi_attribute 20, 1
   6              		.eabi_attribute 21, 1
   7              		.eabi_attribute 23, 3
   8              		.eabi_attribute 24, 1
   9              		.eabi_attribute 25, 1
  10              		.eabi_attribute 26, 1
  11              		.eabi_attribute 30, 4
  12              		.eabi_attribute 34, 1
  13              		.eabi_attribute 18, 4
  14              		.file	"StepLEDs.cpp"
  15              		.text
  16              	.Ltext0:
  17              		.cfi_sections	.debug_frame
  18              		.section	.text._ZN8StepLEDs5WriteEv,"ax",%progbits
  19              		.align	1
  20              		.global	_ZN8StepLEDs5WriteEv
  21              		.syntax unified
  22              		.thumb
  23              		.thumb_func
  25              	_ZN8StepLEDs5WriteEv:
  26              	.LVL0:
  27              	.LFB2548:
  28              		.file 1 "StepLEDs.cpp"
   1:StepLEDs.cpp  **** #include "StepLEDs.h"
   2:StepLEDs.cpp  **** 
   3:StepLEDs.cpp  **** void StepLEDs::Init()
   4:StepLEDs.cpp  **** {
   5:StepLEDs.cpp  **** 
   6:StepLEDs.cpp  **** 
   7:StepLEDs.cpp  ****     spi_conf.periph = daisy::SpiHandle::Config::Peripheral::SPI_1;
   8:StepLEDs.cpp  **** 	spi_conf.direction = daisy::SpiHandle::Config::Direction::TWO_LINES;
   9:StepLEDs.cpp  **** 	spi_conf.pin_config.sclk = daisy::seed::D8;
  10:StepLEDs.cpp  **** 	spi_conf.pin_config.miso = daisy::seed::D9;
  11:StepLEDs.cpp  **** 	spi_conf.pin_config.mosi = daisy::seed::D10;
  12:StepLEDs.cpp  **** 	spi_conf.pin_config.nss = Pin();
  13:StepLEDs.cpp  **** 	spi_conf.nss = daisy::SpiHandle::Config::NSS::SOFT;
  14:StepLEDs.cpp  **** 	spi_conf.datasize = 8;
  15:StepLEDs.cpp  **** 	spi_conf.baud_prescaler = daisy::SpiHandle::Config::BaudPrescaler::PS_2;
  16:StepLEDs.cpp  **** 	spi_conf.clock_polarity = daisy::SpiHandle::Config::ClockPolarity::LOW;
  17:StepLEDs.cpp  **** 	spi_conf.clock_phase = daisy::SpiHandle::Config::ClockPhase::ONE_EDGE;
  18:StepLEDs.cpp  **** 	
  19:StepLEDs.cpp  **** 	// Initialize the handle using our configuration
  20:StepLEDs.cpp  **** 	spi_handle.Init(spi_conf);
  21:StepLEDs.cpp  ****     latch.Init(daisy::seed::D7, daisy::GPIO::Mode::OUTPUT);
  22:StepLEDs.cpp  ****     latch.Write(true);
  23:StepLEDs.cpp  ****     Write();
  24:StepLEDs.cpp  **** }
  25:StepLEDs.cpp  **** 
  26:StepLEDs.cpp  **** 
  27:StepLEDs.cpp  **** 
  28:StepLEDs.cpp  **** void StepLEDs::Write() {
  29              		.loc 1 28 24 view -0
  30              		.cfi_startproc
ARM GAS  /var/folders/z5/_7t90xy14zq1swjhncg0p5z00000gn/T//ccloxHj5.s 			page 2


  31              		@ args = 0, pretend = 0, frame = 0
  32              		@ frame_needed = 0, uses_anonymous_args = 0
  29:StepLEDs.cpp  ****     latch.Write(false);
  33              		.loc 1 29 5 view .LVU1
  28:StepLEDs.cpp  ****     latch.Write(false);
  34              		.loc 1 28 24 is_stmt 0 view .LVU2
  35 0000 38B5     		push	{r3, r4, r5, lr}
  36              		.cfi_def_cfa_offset 16
  37              		.cfi_offset 3, -16
  38              		.cfi_offset 4, -12
  39              		.cfi_offset 5, -8
  40              		.cfi_offset 14, -4
  41              		.loc 1 29 16 view .LVU3
  42 0002 00F12C05 		add	r5, r0, #44
  28:StepLEDs.cpp  ****     latch.Write(false);
  43              		.loc 1 28 24 view .LVU4
  44 0006 0446     		mov	r4, r0
  45              		.loc 1 29 16 view .LVU5
  46 0008 0021     		movs	r1, #0
  47 000a 2846     		mov	r0, r5
  48              	.LVL1:
  49              		.loc 1 29 16 view .LVU6
  50 000c FFF7FEFF 		bl	_ZN5daisy4GPIO5WriteEb
  51              	.LVL2:
  30:StepLEDs.cpp  ****     spi_handle.BlockingTransmit(buff_led, 2);
  52              		.loc 1 30 5 is_stmt 1 view .LVU7
  53              		.loc 1 30 32 is_stmt 0 view .LVU8
  54 0010 04F14001 		add	r1, r4, #64
  55 0014 6423     		movs	r3, #100
  56 0016 2046     		mov	r0, r4
  57 0018 0222     		movs	r2, #2
  58 001a FFF7FEFF 		bl	_ZN5daisy9SpiHandle16BlockingTransmitEPhjm
  59              	.LVL3:
  31:StepLEDs.cpp  ****     latch.Write(true);
  60              		.loc 1 31 5 is_stmt 1 view .LVU9
  61              		.loc 1 31 16 is_stmt 0 view .LVU10
  62 001e 2846     		mov	r0, r5
  63 0020 0121     		movs	r1, #1
  32:StepLEDs.cpp  **** }
  64              		.loc 1 32 1 view .LVU11
  65 0022 BDE83840 		pop	{r3, r4, r5, lr}
  66              		.cfi_restore 14
  67              		.cfi_restore 5
  68              		.cfi_restore 4
  69              		.cfi_restore 3
  70              		.cfi_def_cfa_offset 0
  71              	.LVL4:
  31:StepLEDs.cpp  ****     latch.Write(true);
  72              		.loc 1 31 16 view .LVU12
  73 0026 FFF7FEBF 		b	_ZN5daisy4GPIO5WriteEb
  74              	.LVL5:
  31:StepLEDs.cpp  ****     latch.Write(true);
  75              		.loc 1 31 16 view .LVU13
  76              		.cfi_endproc
  77              	.LFE2548:
  79              		.section	.text._ZN8StepLEDs4InitEv,"ax",%progbits
  80              		.align	1
ARM GAS  /var/folders/z5/_7t90xy14zq1swjhncg0p5z00000gn/T//ccloxHj5.s 			page 3


  81              		.global	_ZN8StepLEDs4InitEv
  82              		.syntax unified
  83              		.thumb
  84              		.thumb_func
  86              	_ZN8StepLEDs4InitEv:
  87              	.LVL6:
  88              	.LFB2547:
   4:StepLEDs.cpp  **** 
  89              		.loc 1 4 1 is_stmt 1 view -0
  90              		.cfi_startproc
  91              		@ args = 0, pretend = 0, frame = 8
  92              		@ frame_needed = 0, uses_anonymous_args = 0
   7:StepLEDs.cpp  **** 	spi_conf.direction = daisy::SpiHandle::Config::Direction::TWO_LINES;
  93              		.loc 1 7 5 view .LVU15
   8:StepLEDs.cpp  **** 	spi_conf.pin_config.sclk = daisy::seed::D8;
  94              		.loc 1 8 2 view .LVU16
   4:StepLEDs.cpp  **** 
  95              		.loc 1 4 1 is_stmt 0 view .LVU17
  96 0000 7FB5     		push	{r0, r1, r2, r3, r4, r5, r6, lr}
  97              		.cfi_def_cfa_offset 32
  98              		.cfi_offset 4, -16
  99              		.cfi_offset 5, -12
 100              		.cfi_offset 6, -8
 101              		.cfi_offset 14, -4
  11:StepLEDs.cpp  **** 	spi_conf.pin_config.nss = Pin();
 102              		.loc 1 11 42 view .LVU18
 103 0002 144A     		ldr	r2, .L3
   8:StepLEDs.cpp  **** 	spi_conf.pin_config.sclk = daisy::seed::D8;
 104              		.loc 1 8 21 view .LVU19
 105 0004 0025     		movs	r5, #0
  11:StepLEDs.cpp  **** 	spi_conf.pin_config.nss = Pin();
 106              		.loc 1 11 42 view .LVU20
 107 0006 144B     		ldr	r3, .L3+4
  20:StepLEDs.cpp  ****     latch.Init(daisy::seed::D7, daisy::GPIO::Mode::OUTPUT);
 108              		.loc 1 20 17 view .LVU21
 109 0008 011D     		adds	r1, r0, #4
   8:StepLEDs.cpp  **** 	spi_conf.pin_config.sclk = daisy::seed::D8;
 110              		.loc 1 8 21 view .LVU22
 111 000a 4561     		str	r5, [r0, #20]
   9:StepLEDs.cpp  **** 	spi_conf.pin_config.miso = daisy::seed::D9;
 112              		.loc 1 9 2 is_stmt 1 view .LVU23
 113              	.LVL7:
 114              		.file 2 "../../libDaisy//src/daisy_core.h"
   1:../../libDaisy//src/daisy_core.h **** #pragma once
   2:../../libDaisy//src/daisy_core.h **** #ifndef DSY_CORE_HW_H
   3:../../libDaisy//src/daisy_core.h **** #define DSY_CORE_HW_H /**< & */
   4:../../libDaisy//src/daisy_core.h **** #include <stdint.h>
   5:../../libDaisy//src/daisy_core.h **** #include <stdlib.h>
   6:../../libDaisy//src/daisy_core.h **** 
   7:../../libDaisy//src/daisy_core.h **** #if defined(_MSC_VER)
   8:../../libDaisy//src/daisy_core.h **** #define FORCE_INLINE __forceinline /**< & */
   9:../../libDaisy//src/daisy_core.h **** #elif defined(__clang__)
  10:../../libDaisy//src/daisy_core.h **** #define FORCE_INLINE inline __attribute__((always_inline)) /**< & */
  11:../../libDaisy//src/daisy_core.h **** #pragma clang diagnostic ignored "-Wduplicate-decl-specifier"
  12:../../libDaisy//src/daisy_core.h **** #elif defined(__GNUC__)
  13:../../libDaisy//src/daisy_core.h **** #define FORCE_INLINE inline __attribute__((always_inline)) /**< & */
  14:../../libDaisy//src/daisy_core.h **** #else
ARM GAS  /var/folders/z5/_7t90xy14zq1swjhncg0p5z00000gn/T//ccloxHj5.s 			page 4


  15:../../libDaisy//src/daisy_core.h **** #error unknown compiler
  16:../../libDaisy//src/daisy_core.h **** #endif
  17:../../libDaisy//src/daisy_core.h **** 
  18:../../libDaisy//src/daisy_core.h **** /** @addtogroup utility
  19:../../libDaisy//src/daisy_core.h ****     @{
  20:../../libDaisy//src/daisy_core.h **** */
  21:../../libDaisy//src/daisy_core.h **** 
  22:../../libDaisy//src/daisy_core.h **** /** Macro for area of memory that is configured as cacheless
  23:../../libDaisy//src/daisy_core.h **** This should be used primarily for DMA buffers, and the like.
  24:../../libDaisy//src/daisy_core.h **** */
  25:../../libDaisy//src/daisy_core.h **** #define DMA_BUFFER_MEM_SECTION __attribute__((section(".sram1_bss")))
  26:../../libDaisy//src/daisy_core.h **** /** 
  27:../../libDaisy//src/daisy_core.h **** THE DTCM RAM section is also non-cached. However, is not suitable 
  28:../../libDaisy//src/daisy_core.h **** for DMA transfers. Performance is on par with internal SRAM w/ 
  29:../../libDaisy//src/daisy_core.h **** cache enabled.
  30:../../libDaisy//src/daisy_core.h **** */
  31:../../libDaisy//src/daisy_core.h **** #define DTCM_MEM_SECTION __attribute__((section(".dtcmram_bss")))
  32:../../libDaisy//src/daisy_core.h **** 
  33:../../libDaisy//src/daisy_core.h **** #define FBIPMAX 0.999985f             /**< close to 1.0f-LSB at 16 bit */
  34:../../libDaisy//src/daisy_core.h **** #define FBIPMIN (-FBIPMAX)            /**< - (1 - LSB) */
  35:../../libDaisy//src/daisy_core.h **** #define U82F_SCALE 0.0078740f         /**< 1 / 127 */
  36:../../libDaisy//src/daisy_core.h **** #define F2U8_SCALE 127.0f             /**< 128 - 1 */
  37:../../libDaisy//src/daisy_core.h **** #define S82F_SCALE 0.0078125f         /**< 1 / (2**7) */
  38:../../libDaisy//src/daisy_core.h **** #define F2S8_SCALE 127.0f             /**< (2 ** 7) - 1 */
  39:../../libDaisy//src/daisy_core.h **** #define S162F_SCALE 3.0517578125e-05f /**< 1 / (2** 15) */
  40:../../libDaisy//src/daisy_core.h **** #define F2S16_SCALE 32767.0f          /**< (2 ** 15) - 1 */
  41:../../libDaisy//src/daisy_core.h **** #define F2S24_SCALE 8388608.0f        /**< 2 ** 23 */
  42:../../libDaisy//src/daisy_core.h **** #define S242F_SCALE 1.192092896e-07f  /**< 1 / (2 ** 23) */
  43:../../libDaisy//src/daisy_core.h **** #define S24SIGN 0x800000              /**< 2 ** 23 */
  44:../../libDaisy//src/daisy_core.h **** #define S322F_SCALE 4.6566129e-10f    /**< 1 / (2** 31) */
  45:../../libDaisy//src/daisy_core.h **** #define F2S32_SCALE 2147483647.f      /**< (2 ** 31) - 1 */
  46:../../libDaisy//src/daisy_core.h **** 
  47:../../libDaisy//src/daisy_core.h **** 
  48:../../libDaisy//src/daisy_core.h **** /** shorthand macro for simplifying the reading of the left 
  49:../../libDaisy//src/daisy_core.h ****  *  channel of a non-interleaved output buffer named out */
  50:../../libDaisy//src/daisy_core.h **** #define OUT_L out[0]
  51:../../libDaisy//src/daisy_core.h **** 
  52:../../libDaisy//src/daisy_core.h **** /** shorthand macro for simplifying the reading of the right 
  53:../../libDaisy//src/daisy_core.h ****  *  channel of a non-interleaved output buffer named out */
  54:../../libDaisy//src/daisy_core.h **** #define OUT_R out[1]
  55:../../libDaisy//src/daisy_core.h **** 
  56:../../libDaisy//src/daisy_core.h **** /** shorthand macro for simplifying the reading of the left 
  57:../../libDaisy//src/daisy_core.h ****  *  channel of a non-interleaved input buffer named in */
  58:../../libDaisy//src/daisy_core.h **** #define IN_L in[0]
  59:../../libDaisy//src/daisy_core.h **** 
  60:../../libDaisy//src/daisy_core.h **** /** shorthand macro for simplifying the reading of the right 
  61:../../libDaisy//src/daisy_core.h ****  *  channel of a non-interleaved input buffer named in */
  62:../../libDaisy//src/daisy_core.h **** #define IN_R in[1]
  63:../../libDaisy//src/daisy_core.h **** 
  64:../../libDaisy//src/daisy_core.h **** /** 
  65:../../libDaisy//src/daisy_core.h ****     Computes cube.
  66:../../libDaisy//src/daisy_core.h ****     \param x Number to be cubed
  67:../../libDaisy//src/daisy_core.h ****     \return x ^ 3
  68:../../libDaisy//src/daisy_core.h **** */
  69:../../libDaisy//src/daisy_core.h **** FORCE_INLINE float cube(float x)
  70:../../libDaisy//src/daisy_core.h **** {
  71:../../libDaisy//src/daisy_core.h ****     return (x * x) * x;
ARM GAS  /var/folders/z5/_7t90xy14zq1swjhncg0p5z00000gn/T//ccloxHj5.s 			page 5


  72:../../libDaisy//src/daisy_core.h **** }
  73:../../libDaisy//src/daisy_core.h **** 
  74:../../libDaisy//src/daisy_core.h **** /** 
  75:../../libDaisy//src/daisy_core.h ****     Converts unsigned 8-bit to float
  76:../../libDaisy//src/daisy_core.h ****     \param x Number to be scaled.
  77:../../libDaisy//src/daisy_core.h ****     \return Scaled number.
  78:../../libDaisy//src/daisy_core.h **** */
  79:../../libDaisy//src/daisy_core.h **** FORCE_INLINE float u82f(uint8_t x)
  80:../../libDaisy//src/daisy_core.h **** {
  81:../../libDaisy//src/daisy_core.h ****     return ((float)x - 127.f) * U82F_SCALE;
  82:../../libDaisy//src/daisy_core.h **** }
  83:../../libDaisy//src/daisy_core.h **** 
  84:../../libDaisy//src/daisy_core.h **** /**
  85:../../libDaisy//src/daisy_core.h ****     Converts float to unsigned 8-bit
  86:../../libDaisy//src/daisy_core.h **** */
  87:../../libDaisy//src/daisy_core.h **** FORCE_INLINE uint8_t f2u8(float x)
  88:../../libDaisy//src/daisy_core.h **** {
  89:../../libDaisy//src/daisy_core.h ****     x = x <= FBIPMIN ? FBIPMIN : x;
  90:../../libDaisy//src/daisy_core.h ****     x = x >= FBIPMAX ? FBIPMAX : x;
  91:../../libDaisy//src/daisy_core.h ****     return (uint8_t)((x * F2U8_SCALE) + F2U8_SCALE);
  92:../../libDaisy//src/daisy_core.h **** }
  93:../../libDaisy//src/daisy_core.h **** 
  94:../../libDaisy//src/daisy_core.h **** 
  95:../../libDaisy//src/daisy_core.h **** /** 
  96:../../libDaisy//src/daisy_core.h ****     Converts Signed 8-bit to float
  97:../../libDaisy//src/daisy_core.h ****     \param x Number to be scaled.
  98:../../libDaisy//src/daisy_core.h ****     \return Scaled number.
  99:../../libDaisy//src/daisy_core.h **** */
 100:../../libDaisy//src/daisy_core.h **** FORCE_INLINE float s82f(int8_t x)
 101:../../libDaisy//src/daisy_core.h **** {
 102:../../libDaisy//src/daisy_core.h ****     return (float)x * S82F_SCALE;
 103:../../libDaisy//src/daisy_core.h **** }
 104:../../libDaisy//src/daisy_core.h **** 
 105:../../libDaisy//src/daisy_core.h **** /**
 106:../../libDaisy//src/daisy_core.h ****     Converts float to Signed 8-bit
 107:../../libDaisy//src/daisy_core.h **** */
 108:../../libDaisy//src/daisy_core.h **** FORCE_INLINE int8_t f2s8(float x)
 109:../../libDaisy//src/daisy_core.h **** {
 110:../../libDaisy//src/daisy_core.h ****     x = x <= FBIPMIN ? FBIPMIN : x;
 111:../../libDaisy//src/daisy_core.h ****     x = x >= FBIPMAX ? FBIPMAX : x;
 112:../../libDaisy//src/daisy_core.h ****     return (int32_t)(x * F2S8_SCALE);
 113:../../libDaisy//src/daisy_core.h **** }
 114:../../libDaisy//src/daisy_core.h **** 
 115:../../libDaisy//src/daisy_core.h **** /** 
 116:../../libDaisy//src/daisy_core.h ****     Converts Signed 16-bit to float
 117:../../libDaisy//src/daisy_core.h ****     \param x Number to be scaled.
 118:../../libDaisy//src/daisy_core.h ****     \return Scaled number.
 119:../../libDaisy//src/daisy_core.h **** */
 120:../../libDaisy//src/daisy_core.h **** FORCE_INLINE float s162f(int16_t x)
 121:../../libDaisy//src/daisy_core.h **** {
 122:../../libDaisy//src/daisy_core.h ****     return (float)x * S162F_SCALE;
 123:../../libDaisy//src/daisy_core.h **** }
 124:../../libDaisy//src/daisy_core.h **** 
 125:../../libDaisy//src/daisy_core.h **** /**
 126:../../libDaisy//src/daisy_core.h ****     Converts float to Signed 16-bit
 127:../../libDaisy//src/daisy_core.h **** */
 128:../../libDaisy//src/daisy_core.h **** FORCE_INLINE int16_t f2s16(float x)
ARM GAS  /var/folders/z5/_7t90xy14zq1swjhncg0p5z00000gn/T//ccloxHj5.s 			page 6


 129:../../libDaisy//src/daisy_core.h **** {
 130:../../libDaisy//src/daisy_core.h ****     x = x <= FBIPMIN ? FBIPMIN : x;
 131:../../libDaisy//src/daisy_core.h ****     x = x >= FBIPMAX ? FBIPMAX : x;
 132:../../libDaisy//src/daisy_core.h ****     return (int32_t)(x * F2S16_SCALE);
 133:../../libDaisy//src/daisy_core.h **** }
 134:../../libDaisy//src/daisy_core.h **** 
 135:../../libDaisy//src/daisy_core.h **** /**
 136:../../libDaisy//src/daisy_core.h ****     Converts Signed 24-bit to float
 137:../../libDaisy//src/daisy_core.h ****  */
 138:../../libDaisy//src/daisy_core.h **** FORCE_INLINE float s242f(int32_t x)
 139:../../libDaisy//src/daisy_core.h **** {
 140:../../libDaisy//src/daisy_core.h ****     x = (x ^ S24SIGN) - S24SIGN; //sign extend aka ((x<<8)>>8)
 141:../../libDaisy//src/daisy_core.h ****     return (float)x * S242F_SCALE;
 142:../../libDaisy//src/daisy_core.h **** }
 143:../../libDaisy//src/daisy_core.h **** /**
 144:../../libDaisy//src/daisy_core.h ****     Converts float to Signed 24-bit
 145:../../libDaisy//src/daisy_core.h ****  */
 146:../../libDaisy//src/daisy_core.h **** FORCE_INLINE int32_t f2s24(float x)
 147:../../libDaisy//src/daisy_core.h **** {
 148:../../libDaisy//src/daisy_core.h ****     x = x <= FBIPMIN ? FBIPMIN : x;
 149:../../libDaisy//src/daisy_core.h ****     x = x >= FBIPMAX ? FBIPMAX : x;
 150:../../libDaisy//src/daisy_core.h ****     return (int32_t)(x * F2S24_SCALE);
 151:../../libDaisy//src/daisy_core.h **** }
 152:../../libDaisy//src/daisy_core.h **** 
 153:../../libDaisy//src/daisy_core.h **** /**
 154:../../libDaisy//src/daisy_core.h ****     Converts Signed 32-bit to float
 155:../../libDaisy//src/daisy_core.h ****  */
 156:../../libDaisy//src/daisy_core.h **** FORCE_INLINE float s322f(int32_t x)
 157:../../libDaisy//src/daisy_core.h **** {
 158:../../libDaisy//src/daisy_core.h ****     return (float)x * S322F_SCALE;
 159:../../libDaisy//src/daisy_core.h **** }
 160:../../libDaisy//src/daisy_core.h **** /**
 161:../../libDaisy//src/daisy_core.h ****     Converts float to Signed 24-bit
 162:../../libDaisy//src/daisy_core.h ****  */
 163:../../libDaisy//src/daisy_core.h **** FORCE_INLINE int32_t f2s32(float x)
 164:../../libDaisy//src/daisy_core.h **** {
 165:../../libDaisy//src/daisy_core.h ****     x = x <= FBIPMIN ? FBIPMIN : x;
 166:../../libDaisy//src/daisy_core.h ****     x = x >= FBIPMAX ? FBIPMAX : x;
 167:../../libDaisy//src/daisy_core.h ****     return (int32_t)(x * F2S32_SCALE);
 168:../../libDaisy//src/daisy_core.h **** }
 169:../../libDaisy//src/daisy_core.h **** 
 170:../../libDaisy//src/daisy_core.h **** 
 171:../../libDaisy//src/daisy_core.h **** /** Enums and a simple struct for defining a hardware pin on the MCU
 172:../../libDaisy//src/daisy_core.h ****  *  These correlate with the stm32 datasheet, and are used to configure
 173:../../libDaisy//src/daisy_core.h ****  *  the hardware.
 174:../../libDaisy//src/daisy_core.h ****  * 
 175:../../libDaisy//src/daisy_core.h ****  *  This along with the dsy_gpio_pin class should no longer be used.
 176:../../libDaisy//src/daisy_core.h ****  *  They are available for backwards compatability. 
 177:../../libDaisy//src/daisy_core.h ****  * 
 178:../../libDaisy//src/daisy_core.h ****  *  Please use GPIOPort enum and the Pin struct instead.
 179:../../libDaisy//src/daisy_core.h ****  */
 180:../../libDaisy//src/daisy_core.h **** typedef enum
 181:../../libDaisy//src/daisy_core.h **** {
 182:../../libDaisy//src/daisy_core.h ****     DSY_GPIOA, /**< & */
 183:../../libDaisy//src/daisy_core.h ****     DSY_GPIOB, /**< & */
 184:../../libDaisy//src/daisy_core.h ****     DSY_GPIOC, /**< & */
 185:../../libDaisy//src/daisy_core.h ****     DSY_GPIOD, /**< & */
ARM GAS  /var/folders/z5/_7t90xy14zq1swjhncg0p5z00000gn/T//ccloxHj5.s 			page 7


 186:../../libDaisy//src/daisy_core.h ****     DSY_GPIOE, /**< & */
 187:../../libDaisy//src/daisy_core.h ****     DSY_GPIOF, /**< & */
 188:../../libDaisy//src/daisy_core.h ****     DSY_GPIOG, /**< & */
 189:../../libDaisy//src/daisy_core.h ****     DSY_GPIOH, /**< & */
 190:../../libDaisy//src/daisy_core.h ****     DSY_GPIOI, /**< & */
 191:../../libDaisy//src/daisy_core.h ****     DSY_GPIOJ, /**< & */
 192:../../libDaisy//src/daisy_core.h ****     DSY_GPIOK, /**< & */
 193:../../libDaisy//src/daisy_core.h ****     DSY_GPIOX, /** This is a non-existant port for unsupported bits of hardware. */
 194:../../libDaisy//src/daisy_core.h ****     DSY_GPIO_LAST, /** Final enum member */
 195:../../libDaisy//src/daisy_core.h **** } dsy_gpio_port;
 196:../../libDaisy//src/daisy_core.h **** 
 197:../../libDaisy//src/daisy_core.h **** /** Hardware define pins 
 198:../../libDaisy//src/daisy_core.h ****  *  
 199:../../libDaisy//src/daisy_core.h ****  *  The dsy_gpio_pin struct should no longer be used, and is only available for
 200:../../libDaisy//src/daisy_core.h ****  *  backwards compatability.
 201:../../libDaisy//src/daisy_core.h ****  * 
 202:../../libDaisy//src/daisy_core.h ****  *  Please use Pin struct instead.
 203:../../libDaisy//src/daisy_core.h ****  */
 204:../../libDaisy//src/daisy_core.h **** typedef struct
 205:../../libDaisy//src/daisy_core.h **** {
 206:../../libDaisy//src/daisy_core.h ****     dsy_gpio_port port; /**< & */
 207:../../libDaisy//src/daisy_core.h ****     uint8_t       pin;  /**< number 0-15 */
 208:../../libDaisy//src/daisy_core.h **** } dsy_gpio_pin;
 209:../../libDaisy//src/daisy_core.h **** 
 210:../../libDaisy//src/daisy_core.h **** /** Helper for creating pins from port/pin combos easily
 211:../../libDaisy//src/daisy_core.h ****  * 
 212:../../libDaisy//src/daisy_core.h ****  *  The dsy_gpio_pin struct should no longer be used, and is only available for
 213:../../libDaisy//src/daisy_core.h ****  *  backwards compatability.
 214:../../libDaisy//src/daisy_core.h ****  * 
 215:../../libDaisy//src/daisy_core.h ****  *  Please use Pin struct instead.
 216:../../libDaisy//src/daisy_core.h **** */
 217:../../libDaisy//src/daisy_core.h **** FORCE_INLINE dsy_gpio_pin dsy_pin(dsy_gpio_port port, uint8_t pin)
 218:../../libDaisy//src/daisy_core.h **** {
 219:../../libDaisy//src/daisy_core.h ****     dsy_gpio_pin p;
 220:../../libDaisy//src/daisy_core.h ****     p.port = port;
 221:../../libDaisy//src/daisy_core.h ****     p.pin  = pin;
 222:../../libDaisy//src/daisy_core.h ****     return p;
 223:../../libDaisy//src/daisy_core.h **** }
 224:../../libDaisy//src/daisy_core.h **** 
 225:../../libDaisy//src/daisy_core.h **** /** Helper for testing sameness of two dsy_gpio_pins
 226:../../libDaisy//src/daisy_core.h ****  *  \return    1 if same, 0 if different
 227:../../libDaisy//src/daisy_core.h ****  * 
 228:../../libDaisy//src/daisy_core.h ****  *  The dsy_gpio_pin struct should no longer be used, and is only available for
 229:../../libDaisy//src/daisy_core.h ****  *  backwards compatability.
 230:../../libDaisy//src/daisy_core.h ****  * 
 231:../../libDaisy//src/daisy_core.h ****  *  Please use Pin struct instead.
 232:../../libDaisy//src/daisy_core.h ****  */
 233:../../libDaisy//src/daisy_core.h **** FORCE_INLINE uint8_t dsy_pin_cmp(dsy_gpio_pin *a, dsy_gpio_pin *b)
 234:../../libDaisy//src/daisy_core.h **** {
 235:../../libDaisy//src/daisy_core.h ****     return ((a->port == b->port) && (a->pin == b->pin));
 236:../../libDaisy//src/daisy_core.h **** }
 237:../../libDaisy//src/daisy_core.h **** 
 238:../../libDaisy//src/daisy_core.h **** #ifdef __cplusplus
 239:../../libDaisy//src/daisy_core.h **** 
 240:../../libDaisy//src/daisy_core.h **** namespace daisy
 241:../../libDaisy//src/daisy_core.h **** {
 242:../../libDaisy//src/daisy_core.h **** /** @brief GPIO Port names */
ARM GAS  /var/folders/z5/_7t90xy14zq1swjhncg0p5z00000gn/T//ccloxHj5.s 			page 8


 243:../../libDaisy//src/daisy_core.h **** enum GPIOPort
 244:../../libDaisy//src/daisy_core.h **** {
 245:../../libDaisy//src/daisy_core.h ****     PORTA, /**< Port A */
 246:../../libDaisy//src/daisy_core.h ****     PORTB, /**< Port B */
 247:../../libDaisy//src/daisy_core.h ****     PORTC, /**< Port C */
 248:../../libDaisy//src/daisy_core.h ****     PORTD, /**< Port D */
 249:../../libDaisy//src/daisy_core.h ****     PORTE, /**< Port E */
 250:../../libDaisy//src/daisy_core.h ****     PORTF, /**< Port F */
 251:../../libDaisy//src/daisy_core.h ****     PORTG, /**< Port G */
 252:../../libDaisy//src/daisy_core.h ****     PORTH, /**< Port H */
 253:../../libDaisy//src/daisy_core.h ****     PORTI, /**< Port I */
 254:../../libDaisy//src/daisy_core.h ****     PORTJ, /**< Port J */
 255:../../libDaisy//src/daisy_core.h ****     PORTK, /**< Port K */
 256:../../libDaisy//src/daisy_core.h ****     PORTX, /**< Used as a dummy port to signal an invalid pin. */
 257:../../libDaisy//src/daisy_core.h **** };
 258:../../libDaisy//src/daisy_core.h **** 
 259:../../libDaisy//src/daisy_core.h **** /** @brief representation of hardware port/pin combination */
 260:../../libDaisy//src/daisy_core.h **** struct Pin
 261:../../libDaisy//src/daisy_core.h **** {
 262:../../libDaisy//src/daisy_core.h ****     GPIOPort port;
 263:../../libDaisy//src/daisy_core.h ****     uint8_t  pin;
 264:../../libDaisy//src/daisy_core.h **** 
 265:../../libDaisy//src/daisy_core.h ****     /** @brief Constructor creates a valid pin. 
 266:../../libDaisy//src/daisy_core.h ****      *  @param pt GPIOPort between PA, and PK corresponding to STM32 Port.
 267:../../libDaisy//src/daisy_core.h ****      *  @param pn pin number in range of 0-15
 268:../../libDaisy//src/daisy_core.h ****     */
 269:../../libDaisy//src/daisy_core.h ****     constexpr Pin(const GPIOPort pt, const uint8_t pn) : port(pt), pin(pn) {}
 270:../../libDaisy//src/daisy_core.h **** 
 271:../../libDaisy//src/daisy_core.h ****     /** @brief Basic Constructor creates an invalid Pin object */
 272:../../libDaisy//src/daisy_core.h ****     constexpr Pin() : port(PORTX), pin(255) {}
 273:../../libDaisy//src/daisy_core.h **** 
 274:../../libDaisy//src/daisy_core.h ****     /** @brief checks validity of a Pin 
 275:../../libDaisy//src/daisy_core.h ****      *  @retval returns true if the port is a valid hardware pin, otherwise false.
 276:../../libDaisy//src/daisy_core.h ****     */
 277:../../libDaisy//src/daisy_core.h ****     constexpr bool IsValid() const { return port != PORTX && pin < 16; }
 278:../../libDaisy//src/daisy_core.h **** 
 279:../../libDaisy//src/daisy_core.h ****     /** @brief comparison operator for checking equality between Pin objects */
 280:../../libDaisy//src/daisy_core.h ****     constexpr bool operator==(const Pin &rhs) const
 281:../../libDaisy//src/daisy_core.h ****     {
 282:../../libDaisy//src/daisy_core.h ****         return (rhs.port == port) && (rhs.pin == pin);
 283:../../libDaisy//src/daisy_core.h ****     }
 284:../../libDaisy//src/daisy_core.h **** 
 285:../../libDaisy//src/daisy_core.h ****     /** @brief comparison operator for checking inequality between Pin objects */
 286:../../libDaisy//src/daisy_core.h ****     constexpr bool operator!=(const Pin &rhs) const { return !operator==(rhs); }
 287:../../libDaisy//src/daisy_core.h **** 
 288:../../libDaisy//src/daisy_core.h ****     /** @brief conversion operation for converting to the old-style representation
 289:../../libDaisy//src/daisy_core.h ****      *         of a pin.
 290:../../libDaisy//src/daisy_core.h ****      * 
 291:../../libDaisy//src/daisy_core.h ****      *  This allows the new Pin type to be used in place of the older, dsy_gpio_pin
 292:../../libDaisy//src/daisy_core.h ****      *  type.
 293:../../libDaisy//src/daisy_core.h ****      */
 294:../../libDaisy//src/daisy_core.h ****     operator dsy_gpio_pin() const
 295:../../libDaisy//src/daisy_core.h ****     {
 296:../../libDaisy//src/daisy_core.h ****         return dsy_pin(static_cast<dsy_gpio_port>(port), pin);
 115              		.loc 2 296 9 view .LVU24
 219:../../libDaisy//src/daisy_core.h ****     p.port = port;
 116              		.loc 2 219 5 view .LVU25
ARM GAS  /var/folders/z5/_7t90xy14zq1swjhncg0p5z00000gn/T//ccloxHj5.s 			page 9


 220:../../libDaisy//src/daisy_core.h ****     p.pin  = pin;
 117              		.loc 2 220 5 view .LVU26
 221:../../libDaisy//src/daisy_core.h ****     return p;
 118              		.loc 2 221 5 view .LVU27
 222:../../libDaisy//src/daisy_core.h **** }
 119              		.loc 2 222 5 view .LVU28
  10:StepLEDs.cpp  **** 	spi_conf.pin_config.mosi = daisy::seed::D10;
 120              		.loc 1 10 2 view .LVU29
 121              		.loc 2 296 9 view .LVU30
 219:../../libDaisy//src/daisy_core.h ****     p.port = port;
 122              		.loc 2 219 5 view .LVU31
 220:../../libDaisy//src/daisy_core.h ****     p.pin  = pin;
 123              		.loc 2 220 5 view .LVU32
 221:../../libDaisy//src/daisy_core.h ****     return p;
 124              		.loc 2 221 5 view .LVU33
 222:../../libDaisy//src/daisy_core.h **** }
 125              		.loc 2 222 5 view .LVU34
  11:StepLEDs.cpp  **** 	spi_conf.pin_config.nss = Pin();
 126              		.loc 1 11 2 view .LVU35
 127              		.loc 2 296 9 view .LVU36
 219:../../libDaisy//src/daisy_core.h ****     p.port = port;
 128              		.loc 2 219 5 view .LVU37
 220:../../libDaisy//src/daisy_core.h ****     p.pin  = pin;
 129              		.loc 2 220 5 view .LVU38
 221:../../libDaisy//src/daisy_core.h ****     return p;
 130              		.loc 2 221 5 view .LVU39
 222:../../libDaisy//src/daisy_core.h **** }
 131              		.loc 2 222 5 view .LVU40
  12:StepLEDs.cpp  **** 	spi_conf.nss = daisy::SpiHandle::Config::NSS::SOFT;
 132              		.loc 1 12 2 view .LVU41
 133              	.LBB19:
 134              	.LBI19:
 272:../../libDaisy//src/daisy_core.h **** 
 135              		.loc 2 272 15 view .LVU42
 272:../../libDaisy//src/daisy_core.h **** 
 136              		.loc 2 272 15 is_stmt 0 view .LVU43
 137              	.LBE19:
 138              		.loc 2 296 9 is_stmt 1 view .LVU44
 219:../../libDaisy//src/daisy_core.h ****     p.port = port;
 139              		.loc 2 219 5 view .LVU45
 220:../../libDaisy//src/daisy_core.h ****     p.pin  = pin;
 140              		.loc 2 220 5 view .LVU46
 221:../../libDaisy//src/daisy_core.h ****     return p;
 141              		.loc 2 221 5 view .LVU47
 222:../../libDaisy//src/daisy_core.h **** }
 142              		.loc 2 222 5 view .LVU48
   4:StepLEDs.cpp  **** 
 143              		.loc 1 4 1 is_stmt 0 view .LVU49
 144 000c 0446     		mov	r4, r0
   7:StepLEDs.cpp  **** 	spi_conf.direction = daisy::SpiHandle::Config::Direction::TWO_LINES;
 145              		.loc 1 7 21 view .LVU50
 146 000e C560     		str	r5, [r0, #12]
  13:StepLEDs.cpp  **** 	spi_conf.datasize = 8;
 147              		.loc 1 13 2 is_stmt 1 view .LVU51
  13:StepLEDs.cpp  **** 	spi_conf.datasize = 8;
 148              		.loc 1 13 15 is_stmt 0 view .LVU52
 149 0010 4562     		str	r5, [r0, #36]
ARM GAS  /var/folders/z5/_7t90xy14zq1swjhncg0p5z00000gn/T//ccloxHj5.s 			page 10


  14:StepLEDs.cpp  **** 	spi_conf.baud_prescaler = daisy::SpiHandle::Config::BaudPrescaler::PS_2;
 150              		.loc 1 14 2 is_stmt 1 view .LVU53
  15:StepLEDs.cpp  **** 	spi_conf.clock_polarity = daisy::SpiHandle::Config::ClockPolarity::LOW;
 151              		.loc 1 15 26 is_stmt 0 view .LVU54
 152 0012 8562     		str	r5, [r0, #40]
  11:StepLEDs.cpp  **** 	spi_conf.pin_config.nss = Pin();
 153              		.loc 1 11 42 view .LVU55
 154 0014 C0E90123 		strd	r2, r3, [r0, #4]
  14:StepLEDs.cpp  **** 	spi_conf.baud_prescaler = daisy::SpiHandle::Config::BaudPrescaler::PS_2;
 155              		.loc 1 14 20 view .LVU56
 156 0018 0823     		movs	r3, #8
  17:StepLEDs.cpp  **** 	
 157              		.loc 1 17 23 view .LVU57
 158 001a C0E90755 		strd	r5, r5, [r0, #28]
  14:StepLEDs.cpp  **** 	spi_conf.baud_prescaler = daisy::SpiHandle::Config::BaudPrescaler::PS_2;
 159              		.loc 1 14 20 view .LVU58
 160 001e 8361     		str	r3, [r0, #24]
  15:StepLEDs.cpp  **** 	spi_conf.clock_polarity = daisy::SpiHandle::Config::ClockPolarity::LOW;
 161              		.loc 1 15 2 is_stmt 1 view .LVU59
  16:StepLEDs.cpp  **** 	spi_conf.clock_phase = daisy::SpiHandle::Config::ClockPhase::ONE_EDGE;
 162              		.loc 1 16 2 view .LVU60
  20:StepLEDs.cpp  ****     latch.Init(daisy::seed::D7, daisy::GPIO::Mode::OUTPUT);
 163              		.loc 1 20 2 view .LVU61
  20:StepLEDs.cpp  ****     latch.Init(daisy::seed::D7, daisy::GPIO::Mode::OUTPUT);
 164              		.loc 1 20 17 is_stmt 0 view .LVU62
 165 0020 FFF7FEFF 		bl	_ZN5daisy9SpiHandle4InitERKNS0_6ConfigE
 166              	.LVL8:
  21:StepLEDs.cpp  ****     latch.Write(true);
 167              		.loc 1 21 5 is_stmt 1 view .LVU63
  21:StepLEDs.cpp  ****     latch.Write(true);
 168              		.loc 1 21 15 is_stmt 0 view .LVU64
 169 0024 0D4B     		ldr	r3, .L3+8
 170 0026 04F12C00 		add	r0, r4, #44
 171 002a 0122     		movs	r2, #1
 172 002c 5E78     		ldrb	r6, [r3, #1]	@ zero_extendqisi2
 173 002e 1978     		ldrb	r1, [r3]	@ zero_extendqisi2
 174 0030 2B46     		mov	r3, r5
 175 0032 0095     		str	r5, [sp]
 176 0034 41EA0621 		orr	r1, r1, r6, lsl #8
 177 0038 0390     		str	r0, [sp, #12]
 178 003a FFF7FEFF 		bl	_ZN5daisy4GPIO4InitENS_3PinENS0_4ModeENS0_4PullENS0_5SpeedE
 179              	.LVL9:
  22:StepLEDs.cpp  ****     Write();
 180              		.loc 1 22 5 is_stmt 1 view .LVU65
  22:StepLEDs.cpp  ****     Write();
 181              		.loc 1 22 16 is_stmt 0 view .LVU66
 182 003e 0398     		ldr	r0, [sp, #12]
 183 0040 0121     		movs	r1, #1
 184 0042 FFF7FEFF 		bl	_ZN5daisy4GPIO5WriteEb
 185              	.LVL10:
  23:StepLEDs.cpp  **** }
 186              		.loc 1 23 5 is_stmt 1 view .LVU67
  23:StepLEDs.cpp  **** }
 187              		.loc 1 23 10 is_stmt 0 view .LVU68
 188 0046 2046     		mov	r0, r4
  24:StepLEDs.cpp  **** 
 189              		.loc 1 24 1 view .LVU69
ARM GAS  /var/folders/z5/_7t90xy14zq1swjhncg0p5z00000gn/T//ccloxHj5.s 			page 11


 190 0048 04B0     		add	sp, sp, #16
 191              		.cfi_def_cfa_offset 16
 192              		@ sp needed
 193 004a BDE87040 		pop	{r4, r5, r6, lr}
 194              		.cfi_restore 14
 195              		.cfi_restore 6
 196              		.cfi_restore 5
 197              		.cfi_restore 4
 198              		.cfi_def_cfa_offset 0
 199              	.LVL11:
  23:StepLEDs.cpp  **** }
 200              		.loc 1 23 10 view .LVU70
 201 004e FFF7FEBF 		b	_ZN8StepLEDs5WriteEv
 202              	.LVL12:
 203              	.L4:
  23:StepLEDs.cpp  **** }
 204              		.loc 1 23 10 view .LVU71
 205 0052 00BF     		.align	2
 206              	.L3:
 207 0054 060B0104 		.word	67177222
 208 0058 01050BFF 		.word	-16055039
 209 005c 00000000 		.word	.LANCHOR0
 210              		.cfi_endproc
 211              	.LFE2547:
 213              		.section	.text._ZN8StepLEDs3SetEt,"ax",%progbits
 214              		.align	1
 215              		.global	_ZN8StepLEDs3SetEt
 216              		.syntax unified
 217              		.thumb
 218              		.thumb_func
 220              	_ZN8StepLEDs3SetEt:
 221              	.LVL13:
 222              	.LFB2549:
  33:StepLEDs.cpp  **** 
  34:StepLEDs.cpp  **** void StepLEDs::Set(uint16_t state) {
 223              		.loc 1 34 36 is_stmt 1 view -0
 224              		.cfi_startproc
 225              		@ args = 0, pretend = 0, frame = 0
 226              		@ frame_needed = 0, uses_anonymous_args = 0
 227              		@ link register save eliminated.
  35:StepLEDs.cpp  ****     buff_led[0] = state >> 8;
 228              		.loc 1 35 5 view .LVU73
  36:StepLEDs.cpp  ****     buff_led[1] = state & 0xFF;
 229              		.loc 1 36 5 view .LVU74
  35:StepLEDs.cpp  ****     buff_led[0] = state >> 8;
 230              		.loc 1 35 17 is_stmt 0 view .LVU75
 231 0000 49BA     		rev16	r1, r1
 232              	.LVL14:
  35:StepLEDs.cpp  ****     buff_led[0] = state >> 8;
 233              		.loc 1 35 17 view .LVU76
 234 0002 A0F84010 		strh	r1, [r0, #64]	@ movhi
  37:StepLEDs.cpp  **** }
 235              		.loc 1 37 1 view .LVU77
 236 0006 7047     		bx	lr
 237              		.cfi_endproc
 238              	.LFE2549:
 240              		.section	.text._ZN8StepLEDs3GetEv,"ax",%progbits
ARM GAS  /var/folders/z5/_7t90xy14zq1swjhncg0p5z00000gn/T//ccloxHj5.s 			page 12


 241              		.align	1
 242              		.global	_ZN8StepLEDs3GetEv
 243              		.syntax unified
 244              		.thumb
 245              		.thumb_func
 247              	_ZN8StepLEDs3GetEv:
 248              	.LVL15:
 249              	.LFB2550:
  38:StepLEDs.cpp  **** 
  39:StepLEDs.cpp  **** uint16_t StepLEDs::Get() {
 250              		.loc 1 39 26 is_stmt 1 view -0
 251              		.cfi_startproc
 252              		@ args = 0, pretend = 0, frame = 0
 253              		@ frame_needed = 0, uses_anonymous_args = 0
 254              		@ link register save eliminated.
  40:StepLEDs.cpp  ****     return buff_led[0]<<8 | buff_led[1];
 255              		.loc 1 40 5 view .LVU79
 256              		.loc 1 40 39 is_stmt 0 view .LVU80
 257 0000 B0F84000 		ldrh	r0, [r0, #64]
 258              	.LVL16:
 259              		.loc 1 40 39 view .LVU81
 260 0004 40BA     		rev16	r0, r0
  41:StepLEDs.cpp  **** }
 261              		.loc 1 41 1 view .LVU82
 262 0006 80B2     		uxth	r0, r0
 263 0008 7047     		bx	lr
 264              		.cfi_endproc
 265              	.LFE2550:
 267              		.section	.text._ZN8StepLEDs3SetEhb,"ax",%progbits
 268              		.align	1
 269              		.global	_ZN8StepLEDs3SetEhb
 270              		.syntax unified
 271              		.thumb
 272              		.thumb_func
 274              	_ZN8StepLEDs3SetEhb:
 275              	.LVL17:
 276              	.LFB2551:
  42:StepLEDs.cpp  **** 
  43:StepLEDs.cpp  **** void StepLEDs::Set(uint8_t i, bool state) {
 277              		.loc 1 43 43 is_stmt 1 view -0
 278              		.cfi_startproc
 279              		@ args = 0, pretend = 0, frame = 0
 280              		@ frame_needed = 0, uses_anonymous_args = 0
  44:StepLEDs.cpp  ****     if (i >= 8) i -= 8;
 281              		.loc 1 44 5 view .LVU84
 282 0000 0729     		cmp	r1, #7
 283              		.loc 1 44 17 view .LVU85
 284              		.loc 1 44 19 is_stmt 0 view .LVU86
 285 0002 8CBF     		ite	hi
 286 0004 0839     		subhi	r1, r1, #8
 287              	.LVL18:
  45:StepLEDs.cpp  ****     else i += 8;
 288              		.loc 1 45 10 is_stmt 1 view .LVU87
 289              		.loc 1 45 12 is_stmt 0 view .LVU88
 290 0006 0831     		addls	r1, r1, #8
 291 0008 C9B2     		uxtb	r1, r1
 292              	.LVL19:
ARM GAS  /var/folders/z5/_7t90xy14zq1swjhncg0p5z00000gn/T//ccloxHj5.s 			page 13


  46:StepLEDs.cpp  ****     uint8_t dev, bit;
 293              		.loc 1 46 5 is_stmt 1 view .LVU89
  47:StepLEDs.cpp  ****     dev = i / 8;
 294              		.loc 1 47 5 view .LVU90
  48:StepLEDs.cpp  ****     bit = i % 8;
 295              		.loc 1 48 5 view .LVU91
  49:StepLEDs.cpp  ****     if(state)
 296              		.loc 1 49 5 view .LVU92
  43:StepLEDs.cpp  ****     if (i >= 8) i -= 8;
 297              		.loc 1 43 43 is_stmt 0 view .LVU93
 298 000a 10B5     		push	{r4, lr}
 299              		.cfi_def_cfa_offset 8
 300              		.cfi_offset 4, -8
 301              		.cfi_offset 14, -4
  50:StepLEDs.cpp  ****         buff_led[dev] |= (1 << bit);
 302              		.loc 1 50 23 view .LVU94
 303 000c 00EBD100 		add	r0, r0, r1, lsr #3
 304              	.LVL20:
 305              		.loc 1 50 29 view .LVU95
 306 0010 0124     		movs	r4, #1
 307              		.loc 1 50 32 view .LVU96
 308 0012 01F00701 		and	r1, r1, #7
 309              	.LVL21:
 310              		.loc 1 50 23 view .LVU97
 311 0016 90F94030 		ldrsb	r3, [r0, #64]
 312              		.loc 1 50 29 view .LVU98
 313 001a 04FA01F1 		lsl	r1, r4, r1
 314              		.loc 1 50 23 view .LVU99
 315 001e 49B2     		sxtb	r1, r1
  49:StepLEDs.cpp  ****     if(state)
 316              		.loc 1 49 5 view .LVU100
 317 0020 1AB1     		cbz	r2, .L10
 318              		.loc 1 50 9 is_stmt 1 view .LVU101
 319              		.loc 1 50 23 is_stmt 0 view .LVU102
 320 0022 0B43     		orrs	r3, r3, r1
 321              	.L13:
  51:StepLEDs.cpp  ****     else
  52:StepLEDs.cpp  ****         buff_led[dev] &= ~(1 << bit);
 322              		.loc 1 52 23 view .LVU103
 323 0024 80F84030 		strb	r3, [r0, #64]
  53:StepLEDs.cpp  **** }
 324              		.loc 1 53 1 view .LVU104
 325 0028 10BD     		pop	{r4, pc}
 326              	.L10:
  52:StepLEDs.cpp  **** }
 327              		.loc 1 52 9 is_stmt 1 view .LVU105
  52:StepLEDs.cpp  **** }
 328              		.loc 1 52 23 is_stmt 0 view .LVU106
 329 002a 23EA0103 		bic	r3, r3, r1
 330 002e F9E7     		b	.L13
 331              		.cfi_endproc
 332              	.LFE2551:
 334              		.section	.text._ZN8StepLEDs3GetEh,"ax",%progbits
 335              		.align	1
 336              		.global	_ZN8StepLEDs3GetEh
 337              		.syntax unified
 338              		.thumb
ARM GAS  /var/folders/z5/_7t90xy14zq1swjhncg0p5z00000gn/T//ccloxHj5.s 			page 14


 339              		.thumb_func
 341              	_ZN8StepLEDs3GetEh:
 342              	.LVL22:
 343              	.LFB2552:
  54:StepLEDs.cpp  **** 
  55:StepLEDs.cpp  **** bool StepLEDs::Get(uint8_t i) {
 344              		.loc 1 55 31 is_stmt 1 view -0
 345              		.cfi_startproc
 346              		@ args = 0, pretend = 0, frame = 0
 347              		@ frame_needed = 0, uses_anonymous_args = 0
 348              		@ link register save eliminated.
  56:StepLEDs.cpp  ****     if (i >= 8) i -= 8;
 349              		.loc 1 56 5 view .LVU108
 350 0000 0729     		cmp	r1, #7
 351              		.loc 1 56 17 view .LVU109
 352              		.loc 1 56 19 is_stmt 0 view .LVU110
 353 0002 8CBF     		ite	hi
 354 0004 0839     		subhi	r1, r1, #8
 355              	.LVL23:
  57:StepLEDs.cpp  ****     else i += 8;
 356              		.loc 1 57 10 is_stmt 1 view .LVU111
 357              		.loc 1 57 12 is_stmt 0 view .LVU112
 358 0006 0831     		addls	r1, r1, #8
 359 0008 C9B2     		uxtb	r1, r1
 360              	.LVL24:
  58:StepLEDs.cpp  ****     uint8_t dev, bit;
 361              		.loc 1 58 5 is_stmt 1 view .LVU113
  59:StepLEDs.cpp  ****     dev = i / 8;
 362              		.loc 1 59 5 view .LVU114
  60:StepLEDs.cpp  ****     bit = i % 8;
 363              		.loc 1 60 5 view .LVU115
  61:StepLEDs.cpp  ****     return buff_led[dev] & (1 << bit);
 364              		.loc 1 61 5 view .LVU116
 365              		.loc 1 61 24 is_stmt 0 view .LVU117
 366 000a 00EBD100 		add	r0, r0, r1, lsr #3
 367              	.LVL25:
 368              		.loc 1 61 34 view .LVU118
 369 000e 01F00701 		and	r1, r1, #7
 370              	.LVL26:
 371              		.loc 1 61 24 view .LVU119
 372 0012 90F84000 		ldrb	r0, [r0, #64]	@ zero_extendqisi2
 373              		.loc 1 61 26 view .LVU120
 374 0016 0841     		asrs	r0, r0, r1
  62:StepLEDs.cpp  **** }
 375              		.loc 1 62 1 view .LVU121
 376 0018 00F00100 		and	r0, r0, #1
 377 001c 7047     		bx	lr
 378              		.cfi_endproc
 379              	.LFE2552:
 381              		.section	.rodata._ZN5daisy4seedL2D7E,"a"
 382              		.set	.LANCHOR0,. + 0
 385              	_ZN5daisy4seedL2D7E:
 386 0000 06       		.byte	6
 387 0001 0A       		.byte	10
 388              		.text
 389              	.Letext0:
 390              		.file 3 "/Library/DaisyToolchain/0.2.0/arm/arm-none-eabi/include/machine/_default_types.h"
ARM GAS  /var/folders/z5/_7t90xy14zq1swjhncg0p5z00000gn/T//ccloxHj5.s 			page 15


 391              		.file 4 "/Library/DaisyToolchain/0.2.0/arm/arm-none-eabi/include/sys/_stdint.h"
 392              		.file 5 "/Library/DaisyToolchain/0.2.0/arm/arm-none-eabi/include/stdint.h"
 393              		.file 6 "/Library/DaisyToolchain/0.2.0/arm/lib/gcc/arm-none-eabi/10.3.1/include/stddef.h"
 394              		.file 7 "/Library/DaisyToolchain/0.2.0/arm/arm-none-eabi/include/c++/10.3.1/cmath"
 395              		.file 8 "/Library/DaisyToolchain/0.2.0/arm/arm-none-eabi/include/c++/10.3.1/bits/std_abs.h"
 396              		.file 9 "/Library/DaisyToolchain/0.2.0/arm/arm-none-eabi/include/c++/10.3.1/cstdlib"
 397              		.file 10 "/Library/DaisyToolchain/0.2.0/arm/arm-none-eabi/include/c++/10.3.1/cstdint"
 398              		.file 11 "/Library/DaisyToolchain/0.2.0/arm/arm-none-eabi/include/c++/10.3.1/type_traits"
 399              		.file 12 "/Library/DaisyToolchain/0.2.0/arm/arm-none-eabi/include/c++/10.3.1/debug/debug.h"
 400              		.file 13 "/Library/DaisyToolchain/0.2.0/arm/arm-none-eabi/include/c++/10.3.1/arm-none-eabi/thumb/v
 401              		.file 14 "/Library/DaisyToolchain/0.2.0/arm/arm-none-eabi/include/c++/10.3.1/bits/algorithmfwd.h"
 402              		.file 15 "/Library/DaisyToolchain/0.2.0/arm/arm-none-eabi/include/c++/10.3.1/bits/stl_pair.h"
 403              		.file 16 "/Library/DaisyToolchain/0.2.0/arm/arm-none-eabi/include/c++/10.3.1/bits/exception_ptr.h"
 404              		.file 17 "/Library/DaisyToolchain/0.2.0/arm/arm-none-eabi/include/c++/10.3.1/cstdarg"
 405              		.file 18 "/Library/DaisyToolchain/0.2.0/arm/arm-none-eabi/include/c++/10.3.1/cstdio"
 406              		.file 19 "/Library/DaisyToolchain/0.2.0/arm/arm-none-eabi/include/c++/10.3.1/cstring"
 407              		.file 20 "/Library/DaisyToolchain/0.2.0/arm/arm-none-eabi/include/c++/10.3.1/bits/predefined_ops.h
 408              		.file 21 "/Library/DaisyToolchain/0.2.0/arm/arm-none-eabi/include/sys/_types.h"
 409              		.file 22 "/Library/DaisyToolchain/0.2.0/arm/arm-none-eabi/include/sys/reent.h"
 410              		.file 23 "/Library/DaisyToolchain/0.2.0/arm/arm-none-eabi/include/sys/lock.h"
 411              		.file 24 "/Library/DaisyToolchain/0.2.0/arm/arm-none-eabi/include/math.h"
 412              		.file 25 "/Library/DaisyToolchain/0.2.0/arm/arm-none-eabi/include/stdlib.h"
 413              		.file 26 "/Library/DaisyToolchain/0.2.0/arm/arm-none-eabi/include/c++/10.3.1/math.h"
 414              		.file 27 "/Library/DaisyToolchain/0.2.0/arm/arm-none-eabi/include/c++/10.3.1/stdlib.h"
 415              		.file 28 "../../libDaisy//src/per/gpio.h"
 416              		.file 29 "../../libDaisy//src/per/spi.h"
 417              		.file 30 "../../libDaisy//src/util/wav_format.h"
 418              		.file 31 "../../libDaisy//src/daisy_seed.h"
 419              		.file 32 "../../libDaisy//src/dev/max11300.h"
 420              		.file 33 "/Library/DaisyToolchain/0.2.0/arm/lib/gcc/arm-none-eabi/10.3.1/include/stdarg.h"
 421              		.file 34 "/Library/DaisyToolchain/0.2.0/arm/arm-none-eabi/include/stdio.h"
 422              		.file 35 "../../libDaisy//src/dev/sr_595.h"
 423              		.file 36 "../../libDaisy//src/dev/sr_165.h"
 424              		.file 37 "/Library/DaisyToolchain/0.2.0/arm/arm-none-eabi/include/string.h"
 425              		.file 38 "StepLEDs.h"
 426              		.file 39 "<built-in>"
ARM GAS  /var/folders/z5/_7t90xy14zq1swjhncg0p5z00000gn/T//ccloxHj5.s 			page 16


DEFINED SYMBOLS
                            *ABS*:0000000000000000 StepLEDs.cpp
/var/folders/z5/_7t90xy14zq1swjhncg0p5z00000gn/T//ccloxHj5.s:19     .text._ZN8StepLEDs5WriteEv:0000000000000000 $t
/var/folders/z5/_7t90xy14zq1swjhncg0p5z00000gn/T//ccloxHj5.s:25     .text._ZN8StepLEDs5WriteEv:0000000000000000 _ZN8StepLEDs5WriteEv
/var/folders/z5/_7t90xy14zq1swjhncg0p5z00000gn/T//ccloxHj5.s:80     .text._ZN8StepLEDs4InitEv:0000000000000000 $t
/var/folders/z5/_7t90xy14zq1swjhncg0p5z00000gn/T//ccloxHj5.s:86     .text._ZN8StepLEDs4InitEv:0000000000000000 _ZN8StepLEDs4InitEv
/var/folders/z5/_7t90xy14zq1swjhncg0p5z00000gn/T//ccloxHj5.s:207    .text._ZN8StepLEDs4InitEv:0000000000000054 $d
/var/folders/z5/_7t90xy14zq1swjhncg0p5z00000gn/T//ccloxHj5.s:214    .text._ZN8StepLEDs3SetEt:0000000000000000 $t
/var/folders/z5/_7t90xy14zq1swjhncg0p5z00000gn/T//ccloxHj5.s:220    .text._ZN8StepLEDs3SetEt:0000000000000000 _ZN8StepLEDs3SetEt
/var/folders/z5/_7t90xy14zq1swjhncg0p5z00000gn/T//ccloxHj5.s:241    .text._ZN8StepLEDs3GetEv:0000000000000000 $t
/var/folders/z5/_7t90xy14zq1swjhncg0p5z00000gn/T//ccloxHj5.s:247    .text._ZN8StepLEDs3GetEv:0000000000000000 _ZN8StepLEDs3GetEv
/var/folders/z5/_7t90xy14zq1swjhncg0p5z00000gn/T//ccloxHj5.s:268    .text._ZN8StepLEDs3SetEhb:0000000000000000 $t
/var/folders/z5/_7t90xy14zq1swjhncg0p5z00000gn/T//ccloxHj5.s:274    .text._ZN8StepLEDs3SetEhb:0000000000000000 _ZN8StepLEDs3SetEhb
/var/folders/z5/_7t90xy14zq1swjhncg0p5z00000gn/T//ccloxHj5.s:335    .text._ZN8StepLEDs3GetEh:0000000000000000 $t
/var/folders/z5/_7t90xy14zq1swjhncg0p5z00000gn/T//ccloxHj5.s:341    .text._ZN8StepLEDs3GetEh:0000000000000000 _ZN8StepLEDs3GetEh
/var/folders/z5/_7t90xy14zq1swjhncg0p5z00000gn/T//ccloxHj5.s:385    .rodata._ZN5daisy4seedL2D7E:0000000000000000 _ZN5daisy4seedL2D7E

UNDEFINED SYMBOLS
_ZN5daisy4GPIO5WriteEb
_ZN5daisy9SpiHandle16BlockingTransmitEPhjm
_ZN5daisy9SpiHandle4InitERKNS0_6ConfigE
_ZN5daisy4GPIO4InitENS_3PinENS0_4ModeENS0_4PullENS0_5SpeedE
